#
# There is insufficient memory for the Java Runtime Environment to continue.
# Native memory allocation (malloc) failed to allocate 1048576 bytes for AllocateHeap
# Possible reasons:
#   The system is out of physical RAM or swap space
#   The process is running with CompressedOops enabled, and the Java Heap may be blocking the growth of the native heap
# Possible solutions:
#   Reduce memory load on the system
#   Increase physical memory or swap space
#   Check if swap backing store is full
#   Decrease Java heap size (-Xmx/-Xms)
#   Decrease number of Java threads
#   Decrease Java thread stack sizes (-Xss)
#   Set larger code cache with -XX:ReservedCodeCacheSize=
#   JVM is running with Unscaled Compressed Oops mode in which the Java heap is
#     placed in the first 4GB address space. The Java Heap base address is the
#     maximum limit for the native heap growth. Please use -XX:HeapBaseMinAddress
#     to set the Java Heap base and to place the Java Heap above 4GB virtual address.
# This output file may be truncated or incomplete.
#
#  Out of Memory Error (allocation.cpp:44), pid=10732, tid=2552
#
# JRE version:  (17.0.8.1+7) (build )
# Java VM: OpenJDK 64-Bit Server VM (17.0.8.1+7-b1000.32, mixed mode, sharing, tiered, compressed oops, compressed class ptrs, g1 gc, windows-amd64)
# No core dump will be written. Minidumps are not enabled by default on client versions of Windows
#

---------------  S U M M A R Y ------------

Command Line: git4idea.http.GitAskPassApp Username for 'https://github.com': 

Host: Intel(R) Core(TM) i7-4771 CPU @ 3.50GHz, 8 cores, 7G,  Windows 10 , 64 bit Build 19041 (10.0.19041.3031)
Time: Thu Nov  9 09:50:18 2023 RTZ 2 (s 10 , 64 bit Build 19041 (10.0.19041.3031) elapsed time: 0.008760 seconds (0d 0h 0m 0s)

---------------  T H R E A D  ---------------

Current thread (0x00000158e50cafa0):  JavaThread "Unknown thread" [_thread_in_vm, id=2552, stack(0x0000003092a00000,0x0000003092b00000)]

Stack: [0x0000003092a00000,0x0000003092b00000]
Native frames: (J=compiled Java code, j=interpreted, Vv=VM code, C=native code)
V  [jvm.dll+0x6852da]
V  [jvm.dll+0x844c84]
V  [jvm.dll+0x84659e]
V  [jvm.dll+0x846c03]
V  [jvm.dll+0x24b7cf]
V  [jvm.dll+0xa6b2b]
V  [jvm.dll+0x2eb1a7]
V  [jvm.dll+0x2e2e8b]
V  [jvm.dll+0x815c11]
V  [jvm.dll+0x370df1]
V  [jvm.dll+0x7f4fdc]
V  [jvm.dll+0x3f3f1f]
V  [jvm.dll+0x3f5b31]
C  [jli.dll+0x528f]
C  [ucrtbase.dll+0x21bb2]
C  [KERNEL32.DLL+0x17614]
C  [ntdll.dll+0x526f1]


---------------  P R O C E S S  ---------------

Threads class SMR info:
_java_thread_list=0x00007ff9409200d8, length=0, elements={
}

Java Threads: ( => current thread )

Other Threads:
  0x00000158e72442e0 GCTaskThread "GC Thread#0" [stack: 0x0000003092b00000,0x0000003092c00000] [id=12984]

[error occurred during error reporting (printing all threads), id 0xc0000005, EXCEPTION_ACCESS_VIOLATION (0xc0000005) at pc=0x00007ff9400d00f0]

VM state: not at safepoint (not fully initialized)

VM Mutex/Monitor currently owned by a thread:  ([mutex/lock_event])
[0x00000158e71eb410] Heap_lock - owner thread: 0x00000158e50cafa0

Heap address: 0x0000000082000000, size: 2016 MB, Compressed Oops mode: 32-bit

CDS archive(s) mapped at: [0x0000000000000000-0x0000000000000000-0x0000000000000000), size 0, SharedBaseAddress: 0x0000000800000000, ArchiveRelocationMode: 1.
Narrow klass base: 0x0000000000000000, Narrow klass shift: 0, Narrow klass range: 0x0

GC Precious Log:
<Empty>

Heap:
 garbage-first heap   total 0K, used 0K [0x0000000082000000, 0x0000000100000000)
  region size 1024K, 0 young (0K), 0 survivors (0K)
 Metaspace       used 0K, committed 0K, reserved 0K
  class space    used 0K, committed 0K, reserved 0K

Heap Regions: E=young(eden), S=young(survivor), O=old, HS=humongous(starts), HC=humongous(continues), CS=collection set, F=free, OA=open archive, CA=closed archive, TAMS=top-at-mark-start (previous, next)

Card table byte_map: [0x00000158fa070000,0x00000158fa460000] _byte_map_base: 0x00000158f9c60000

GC Heap History (0 events):
No events

Dll operation events (1 events):
Event: 0.006 Loaded shared library C:\Program Files\JetBrains\IntelliJ IDEA Community Edition 2023.2.4\jbr\bin\java.dll

Deoptimization events (0 events):
No events

Classes unloaded (0 events):
No events

Classes redefined (0 events):
No events

Internal exceptions (0 events):
No events

VM Operations (0 events):
No events

Events (0 events):
No events


Dynamic libraries:
0x00007ff6bc5c0000 - 0x00007ff6bc5ca000 	C:\Program Files\JetBrains\IntelliJ IDEA Community Edition 2023.2.4\jbr\bin\java.exe
0x00007ff9b0750000 - 0x00007ff9b0948000 	C:\WINDOWS\SYSTEM32\ntdll.dll
0x00007ff9ae980000 - 0x00007ff9aea3f000 	C:\WINDOWS\System32\KERNEL32.DLL
0x00007ff9ae480000 - 0x00007ff9ae776000 	C:\WINDOWS\System32\KERNELBASE.dll
0x00007ff9ab370000 - 0x00007ff9ab401000 	C:\WINDOWS\SYSTEM32\apphelp.dll
0x00007ff9ae0e0000 - 0x00007ff9ae1e0000 	C:\WINDOWS\System32\ucrtbase.dll
0x00007ff988480000 - 0x00007ff988497000 	C:\Program Files\JetBrains\IntelliJ IDEA Community Edition 2023.2.4\jbr\bin\jli.dll
0x00007ff9a3990000 - 0x00007ff9a39ab000 	C:\Program Files\JetBrains\IntelliJ IDEA Community Edition 2023.2.4\jbr\bin\VCRUNTIME140.dll
0x00007ff9af480000 - 0x00007ff9af61d000 	C:\WINDOWS\System32\USER32.dll
0x00007ff9ae2c0000 - 0x00007ff9ae2e2000 	C:\WINDOWS\System32\win32u.dll
0x00007ff99a5f0000 - 0x00007ff99a88a000 	C:\WINDOWS\WinSxS\amd64_microsoft.windows.common-controls_6595b64144ccf1df_6.0.19041.1110_none_60b5254171f9507e\COMCTL32.dll
0x00007ff9afd70000 - 0x00007ff9afd9c000 	C:\WINDOWS\System32\GDI32.dll
0x00007ff9b0470000 - 0x00007ff9b050e000 	C:\WINDOWS\System32\msvcrt.dll
0x00007ff9ae2f0000 - 0x00007ff9ae405000 	C:\WINDOWS\System32\gdi32full.dll
0x00007ff9ade00000 - 0x00007ff9ade9d000 	C:\WINDOWS\System32\msvcp_win.dll
0x00007ff9afda0000 - 0x00007ff9afdd0000 	C:\WINDOWS\System32\IMM32.DLL
0x00007ff9a9980000 - 0x00007ff9a998c000 	C:\Program Files\JetBrains\IntelliJ IDEA Community Edition 2023.2.4\jbr\bin\vcruntime140_1.dll
0x00007ff978df0000 - 0x00007ff978e7d000 	C:\Program Files\JetBrains\IntelliJ IDEA Community Edition 2023.2.4\jbr\bin\msvcp140.dll
0x00007ff93fde0000 - 0x00007ff940a63000 	C:\Program Files\JetBrains\IntelliJ IDEA Community Edition 2023.2.4\jbr\bin\server\jvm.dll
0x00007ff9ae7a0000 - 0x00007ff9ae84f000 	C:\WINDOWS\System32\ADVAPI32.dll
0x00007ff9b0630000 - 0x00007ff9b06cc000 	C:\WINDOWS\System32\sechost.dll
0x00007ff9af210000 - 0x00007ff9af336000 	C:\WINDOWS\System32\RPCRT4.dll
0x00007ff9ad3c0000 - 0x00007ff9ad40b000 	C:\WINDOWS\SYSTEM32\POWRPROF.dll
0x00007ff99af70000 - 0x00007ff99af79000 	C:\WINDOWS\SYSTEM32\WSOCK32.dll
0x00007ff99d730000 - 0x00007ff99d757000 	C:\WINDOWS\SYSTEM32\WINMM.dll
0x00007ff9a8320000 - 0x00007ff9a832a000 	C:\WINDOWS\SYSTEM32\VERSION.dll
0x00007ff9af340000 - 0x00007ff9af3ab000 	C:\WINDOWS\System32\WS2_32.dll
0x00007ff9ad230000 - 0x00007ff9ad242000 	C:\WINDOWS\SYSTEM32\UMPDC.dll
0x00007ff9ac7f0000 - 0x00007ff9ac802000 	C:\WINDOWS\SYSTEM32\kernel.appcore.dll
0x00007ff9aa290000 - 0x00007ff9aa29a000 	C:\Program Files\JetBrains\IntelliJ IDEA Community Edition 2023.2.4\jbr\bin\jimage.dll
0x00007ff99a160000 - 0x00007ff99a344000 	C:\WINDOWS\SYSTEM32\DBGHELP.DLL
0x00007ff994180000 - 0x00007ff9941b4000 	C:\WINDOWS\SYSTEM32\dbgcore.DLL
0x00007ff9ae230000 - 0x00007ff9ae2b2000 	C:\WINDOWS\System32\bcryptPrimitives.dll
0x00007ff989790000 - 0x00007ff9897b5000 	C:\Program Files\JetBrains\IntelliJ IDEA Community Edition 2023.2.4\jbr\bin\java.dll

dbghelp: loaded successfully - version: 4.0.5 - missing functions: none
symbol engine: initialized successfully - sym options: 0x614 - pdb path: .;C:\Program Files\JetBrains\IntelliJ IDEA Community Edition 2023.2.4\jbr\bin;C:\WINDOWS\SYSTEM32;C:\WINDOWS\WinSxS\amd64_microsoft.windows.common-controls_6595b64144ccf1df_6.0.19041.1110_none_60b5254171f9507e;C:\Program Files\JetBrains\IntelliJ IDEA Community Edition 2023.2.4\jbr\bin\server

VM Arguments:
java_command: git4idea.http.GitAskPassApp Username for 'https://github.com': 
java_class_path (initial): C:/Program Files/JetBrains/IntelliJ IDEA Community Edition 2023.2.4/plugins/vcs-git/lib/git4idea-rt.jar;C:/Program Files/JetBrains/IntelliJ IDEA Community Edition 2023.2.4/lib/externalProcess-rt.jar
Launcher Type: SUN_STANDARD

[Global flags]
     intx CICompilerCount                          = 4                                         {product} {ergonomic}
     uint ConcGCThreads                            = 2                                         {product} {ergonomic}
     uint G1ConcRefinementThreads                  = 8                                         {product} {ergonomic}
   size_t G1HeapRegionSize                         = 1048576                                   {product} {ergonomic}
    uintx GCDrainStackTargetSize                   = 64                                        {product} {ergonomic}
   size_t InitialHeapSize                          = 132120576                                 {product} {ergonomic}
   size_t MarkStackSize                            = 4194304                                   {product} {ergonomic}
   size_t MaxHeapSize                              = 2113929216                                {product} {ergonomic}
   size_t MinHeapDeltaBytes                        = 1048576                                   {product} {ergonomic}
   size_t MinHeapSize                              = 8388608                                   {product} {ergonomic}
    uintx NonNMethodCodeHeapSize                   = 5839372                                {pd product} {ergonomic}
    uintx NonProfiledCodeHeapSize                  = 122909434                              {pd product} {ergonomic}
    uintx ProfiledCodeHeapSize                     = 122909434                              {pd product} {ergonomic}
    uintx ReservedCodeCacheSize                    = 251658240                              {pd product} {ergonomic}
     bool SegmentedCodeCache                       = true                                      {product} {ergonomic}
   size_t SoftMaxHeapSize                          = 2113929216                             {manageable} {ergonomic}
     bool UseCompressedClassPointers               = true                           {product lp64_product} {ergonomic}
     bool UseCompressedOops                        = true                           {product lp64_product} {ergonomic}
     bool UseG1GC                                  = true                                      {product} {ergonomic}
     bool UseLargePagesIndividualAllocation        = false                                  {pd product} {ergonomic}

Logging:
Log output configuration:
 #0: stdout all=warning uptime,level,tags
 #1: stderr all=off uptime,level,tags

Environment Variables:
JAVA_HOME=C:\tmp\jdk-17.0.2
CLASSPATH=.
PATH=C:\Program Files\Git\mingw64\libexec\git-core;C:\Program Files\Git\mingw64\libexec\git-core;C:\Program Files\Git\mingw64\bin;C:\Program Files\Git\usr\bin;C:\Users\r.h.dautov\bin;C:\tmp\jdk-17.0.2\bin;C:\Program Files (x86)\NVIDIA Corporation\PhysX\Common;C:\Program Files\ANSYS Inc\ANSYS Student\v194\ansys\bin\winx64;C:\WINDOWS\system32;C:\WINDOWS;C:\WINDOWS\System32\Wbem;C:\Program Files\ANSYS Inc\ANSYS Student\v194\fluent\ntbin\win64;C:\WINDOWS\System32\WindowsPowerShell\v1.0;C:\WINDOWS\System32\OpenSSH;C:\Program Files\Microsoft SQL Server\Client SDK\ODBC\170\Tools\Binn;C:\Program Files (x86)\Microsoft SQL Server\150\Tools\Binn;C:\Program Files\Microsoft SQL Server\150\Tools\Binn;C:\Program Files\Microsoft SQL Server\150\DTS\Binn;C:\Program Files\ibm\gsk8\lib64;C:\Program Files (x86)\ibm\gsk8\lib;C:\Program Files (x86)\Microsoft SQL Server\150\DTS\Binn;C:\Program Files (x86)\Windows Kits\8.1\Windows Performance Toolkit;C:\Program Files\Microsoft\Web Platform Installer;C:\Program Files\dotnet;C:\Program Files\Git\cmd;C:\Program Files\Microsoft SQL Server\130\Tools\Binn;C:\Users\r.h.dautov\AppData\Roaming\Python\Scripts;C:\tmp\jdk-17.0.2\bin;C:\Users\r.h.dautov\AppData\Local\Programs\Python\Python39\Scripts;C:\Users\r.h.dautov\AppData\Local\Programs\Python\Python39;C:\Users\r.h.dautov\AppData\Local\Microsoft\WindowsApps;C:\Users\r.h.dautov\AppData\Local\GitHubDesktop\bin;C:\Users\r.h.dautov\.dotnet\tools;C:\Users\r.h.dautov\AppData\Local\Programs\Microsoft VS Code\bin;C:\Users\r.h.dautov\AppData\Roaming\Python\Scripts
USERNAME=r.h.dautov
DISPLAY=:0.0
LC_ALL=en_US.UTF-8
TERM=xterm-256color
TMPDIR=C:\Users\RH356D~1.DAU\AppData\Local\Temp
OS=Windows_NT
PROCESSOR_IDENTIFIER=Intel64 Family 6 Model 60 Stepping 3, GenuineIntel
TMP=C:\Users\RH356D~1.DAU\AppData\Local\Temp
TEMP=C:\Users\RH356D~1.DAU\AppData\Local\Temp


JNI global refs:
JNI global refs: 0, weak refs: 0

JNI global refs memory usage: 0, weak refs: 0

OOME stack traces (most recent first):
Classloader memory used:


---------------  S Y S T E M  ---------------

OS:
 Windows 10 , 64 bit Build 19041 (10.0.19041.3031)
OS uptime: 6 days 15:28 hours

CPU: total 8 (initial active 8) (4 cores per cpu, 2 threads per core) family 6 model 60 stepping 3 microcode 0x27, cx8, cmov, fxsr, ht, mmx, sse, sse2, sse3, ssse3, sse4.1, sse4.2, popcnt, lzcnt, tsc, tscinvbit, avx, avx2, aes, erms, clmul, bmi1, bmi2, fma, vzeroupper, clflush
Processor Information for all 8 processors :
  Max Mhz: 3501, Current Mhz: 3501, Mhz Limit: 3501

Memory: 4k page, system-wide physical 8063M (1220M free)
TotalPageFile size 20662M (AvailPageFile size 5M)
current process WorkingSet (physical memory assigned to process): 10M, peak: 10M
current process commit charge ("private bytes"): 52M, peak: 53M

vm_info: OpenJDK 64-Bit Server VM (17.0.8.1+7-b1000.32) for windows-amd64 JRE (17.0.8.1+7-b1000.32), built on 2023-09-15 by "builduser" with MS VC++ 16.10 / 16.11 (VS2019)

END.
